[debug] [2023-05-18T01:20:13.735Z] ----------------------------------------------------------------------
[debug] [2023-05-18T01:20:13.737Z] Command:       C:\Program Files\nodejs\node.exe C:\Users\usuario\AppData\Roaming\npm\node_modules\firebase-tools\lib\bin\firebase.js init
[debug] [2023-05-18T01:20:13.738Z] CLI Version:   12.0.1
[debug] [2023-05-18T01:20:13.738Z] Platform:      win32
[debug] [2023-05-18T01:20:13.738Z] Node Version:  v16.13.1
[debug] [2023-05-18T01:20:13.739Z] Time:          Wed May 17 2023 22:20:13 GMT-0300 (hora estándar de Argentina)
[debug] [2023-05-18T01:20:13.740Z] ----------------------------------------------------------------------
[debug] 
[debug] [2023-05-18T01:20:13.823Z] > command requires scopes: ["email","openid","https://www.googleapis.com/auth/cloudplatformprojects.readonly","https://www.googleapis.com/auth/firebase","https://www.googleapis.com/auth/cloud-platform"]
[debug] [2023-05-18T01:20:13.824Z] > authorizing via signed-in user (jadosfer@gmail.com)
[info] 
     ######## #### ########  ######## ########     ###     ######  ########
     ##        ##  ##     ## ##       ##     ##  ##   ##  ##       ##
     ######    ##  ########  ######   ########  #########  ######  ######
     ##        ##  ##    ##  ##       ##     ## ##     ##       ## ##
     ##       #### ##     ## ######## ########  ##     ##  ######  ########

You're about to initialize a Firebase project in this directory:

  C:\Users\usuario\Documents\Programacion\Angular\distrib

Before we get started, keep in mind:

  * You are initializing within an existing Firebase project directory

[info] 
=== Project Setup
[info] 
[info] First, let's associate this project directory with a Firebase project.
[info] You can create multiple project aliases by running firebase use --add, 
[info] but for now we'll just set up a default project.
[info] 
[debug] [2023-05-18T01:21:37.839Z] Using project from CLI flag: distrib-42bdb
[debug] [2023-05-18T01:21:37.842Z] >>> [apiv2][query] GET https://firebase.googleapis.com/v1beta1/projects/distrib-42bdb [none]
[debug] [2023-05-18T01:21:38.268Z] <<< [apiv2][status] GET https://firebase.googleapis.com/v1beta1/projects/distrib-42bdb 200
[debug] [2023-05-18T01:21:38.268Z] <<< [apiv2][body] GET https://firebase.googleapis.com/v1beta1/projects/distrib-42bdb {"projectId":"distrib-42bdb","projectNumber":"1032461943463","displayName":"Distrib","name":"projects/distrib-42bdb","resources":{"hostingSite":"distrib-42bdb","realtimeDatabaseInstance":"distrib-42bdb-default-rtdb"},"state":"ACTIVE","etag":"1_bcdcdca5-9ff8-4790-a252-bd1a25c940b7"}
[info] i  Using project distrib-42bdb (Distrib) 
[info] 
=== Database Setup
[info] i  database: ensuring required API firebasedatabase.googleapis.com is enabled... 
[debug] [2023-05-18T01:21:38.281Z] >>> [apiv2][query] GET https://serviceusage.googleapis.com/v1/projects/distrib-42bdb/services/firebasedatabase.googleapis.com [none]
[debug] [2023-05-18T01:21:38.281Z] >>> [apiv2][(partial)header] GET https://serviceusage.googleapis.com/v1/projects/distrib-42bdb/services/firebasedatabase.googleapis.com x-goog-quota-user=projects/distrib-42bdb
[debug] [2023-05-18T01:21:39.337Z] <<< [apiv2][status] GET https://serviceusage.googleapis.com/v1/projects/distrib-42bdb/services/firebasedatabase.googleapis.com 200
[debug] [2023-05-18T01:21:39.337Z] <<< [apiv2][body] GET https://serviceusage.googleapis.com/v1/projects/distrib-42bdb/services/firebasedatabase.googleapis.com [omitted]
[info] +  database: required API firebasedatabase.googleapis.com is enabled 
[info] 
[debug] [2023-05-18T01:21:39.339Z] >>> [apiv2][query] GET https://firebasedatabase.googleapis.com/v1beta/projects/distrib-42bdb/locations/-/instances/distrib-42bdb-default-rtdb [none]
[debug] [2023-05-18T01:21:39.778Z] <<< [apiv2][status] GET https://firebasedatabase.googleapis.com/v1beta/projects/distrib-42bdb/locations/-/instances/distrib-42bdb-default-rtdb 200
[debug] [2023-05-18T01:21:39.778Z] <<< [apiv2][body] GET https://firebasedatabase.googleapis.com/v1beta/projects/distrib-42bdb/locations/-/instances/distrib-42bdb-default-rtdb {"name":"projects/1032461943463/locations/us-central1/instances/distrib-42bdb-default-rtdb","project":"projects/1032461943463","databaseUrl":"https://distrib-42bdb-default-rtdb.firebaseio.com","type":"DEFAULT_DATABASE","state":"ACTIVE"}
[info] 
[info] Firebase Realtime Database Security Rules allow you to define how your data should be
[info] structured and when your data can be read from and written to.
[info] 
[debug] [2023-05-18T01:22:25.493Z] >>> [apiv2][query] GET https://distrib-42bdb-default-rtdb.firebaseio.com/.settings/rules.json [none]
[debug] [2023-05-18T01:22:26.027Z] <<< [apiv2][status] GET https://distrib-42bdb-default-rtdb.firebaseio.com/.settings/rules.json 200
[debug] [2023-05-18T01:22:26.027Z] <<< [apiv2][body] GET https://distrib-42bdb-default-rtdb.firebaseio.com/.settings/rules.json [stream]
[info] +  Database Rules for distrib-42bdb-default-rtdb have been written to database.rules.json. 
[info] Future modifications to database.rules.json will update Realtime Database Security Rules when you run
[info] firebase deploy.
[info] 
[info] i  Writing configuration info to firebase.json... 
[debug] [2023-05-18T01:22:26.137Z] Error: EPERM: operation not permitted, open 'C:\Users\usuario\Documents\Programacion\Angular\distrib\firebase.json'
    at Object.openSync (node:fs:585:3)
    at Object.writeFileSync (node:fs:2153:35)
    at Config.writeProjectFile (C:\Users\usuario\AppData\Roaming\npm\node_modules\firebase-tools\lib\config.js:153:12)
    at C:\Users\usuario\AppData\Roaming\npm\node_modules\firebase-tools\lib\commands\init.js:176:16
    at processTicksAndRejections (node:internal/process/task_queues:96:5)
[error] 
[error] Error: An unexpected error has occurred.
